Arguments: 
  C:\Program Files\nodejs\node.exe C:\Users\PC\AppData\Roaming\npm\node_modules\yarn\bin\yarn.js

PATH: 
  C:\Program Files\Microsoft\jdk-11.0.12.7-hotspot\bin;C:\Windows\system32;C:\Windows;C:\Windows\System32\Wbem;C:\Windows\System32\WindowsPowerShell\v1.0\;C:\Windows\System32\OpenSSH\;C:\Program Files\Docker\Docker\resources\bin;C:\ProgramData\DockerDesktop\version-bin;C:\Program Files\Git\cmd;C:\Program Files\Microsoft SQL Server\150\Tools\Binn\;C:\Program Files\Microsoft SQL Server\Client SDK\ODBC\170\Tools\Binn\;C:\Program Files\dotnet\;C:\ProgramData\chocolatey\bin;C:\Users\PC\AppData\Roaming\nvm;C:\Program Files\nodejs;C:\Users\PC\AppData\Local\Microsoft\WindowsApps;C:\Program Files\JetBrains\WebStorm 2021.3.1\bin;;C:\Users\PC\AppData\Local\Programs\mongosh\;C:\Users\PC\AppData\Roaming\npm;C:\Users\PC\AppData\Local\GitHubDesktop\bin;C:\Users\PC\AppData\Local\Programs\Microsoft VS Code\bin;C:\Users\PC\.dotnet\tools;C:\flutter\bin;C:\gradle-7.6\bin;C:\Users\PC\AppData\Roaming\nvm;C:\Program Files\nodejs;

Yarn version: 
  1.22.17

Node version: 
  16.14.2

Platform: 
  win32 x64

Trace: 
  SyntaxError: C:\PROJECTS\open-source\use-list-selection-management\package.json: Unexpected token } in JSON at position 775
      at JSON.parse (<anonymous>)
      at C:\Users\PC\AppData\Roaming\npm\node_modules\yarn\lib\cli.js:1625:59
      at Generator.next (<anonymous>)
      at step (C:\Users\PC\AppData\Roaming\npm\node_modules\yarn\lib\cli.js:310:30)
      at C:\Users\PC\AppData\Roaming\npm\node_modules\yarn\lib\cli.js:321:13

npm manifest: 
  {
    "name": "use-list-selection-management",
    "version": "1.0.0",
    "description": "A React hook for managing list selection status",
    "main": "dist/index.js",
    "repository": {},
    "scripts": {
      "test": "jest",
      "build-package": "tsc",
      "lint": "eslint --ext js,ts,tsx,stories src"
    },
    "keywords": [
      "React",
      "react",
      "typescript",
      "list",
      "list selection"
    ],
    "author": "tuanbk1908@gmail.com",
    "license": "ISC",
    "devDependencies": {
      "@types/react": "^18.0.27",
      "eslint": "^8.33.0",
      "eslint-config-react-app": "^7.0.1",
      "eslint-plugin-react-hooks": "^4.6.0",
      "eslint-plugin-unused-imports": "^2.0.0",
      "ts-loader": "^9.4.2",
      "typescript": "^4.9.4",
      "webpack": "^5.75.0",
      "webpack-cli": "^5.0.1",
    },
    "peerDependencies": {
      "react": "^18.2.0"
    },
    "dependencies": {
      "react": "^18.2.0"
    },
    "eslintConfig": {
      "extends": [
        "react-app",
        "plugin:react-hooks/recommended"
      ],
      "overrides": [
        {
          "files": "",
          "plugins": [
            "unused-imports"
          ],
          "rules": {
            "no-unused-vars": "off",
            "unused-imports/no-unused-imports": "warn",
            "unused-imports/no-unused-vars": [
              "warn",
              {
                "vars": "all",
                "varsIgnorePattern": "^_",
                "args": "after-used",
                "argsIgnorePattern": "^_"
              }
            ]
          }
        }
      ]
    }
  }

yarn manifest: 
  No manifest

Lockfile: 
  No lockfile
